  INITIAL WATER NUMBER:    1
  TIME t = 0
  SPECIATION TEMPERATURE (C):    120.000    PRESSURE (bar):      1.985
  CHEM.ITERATIONS:   346
  IONIC STRENGTH:  0.2093E+01          STOIC. IONIC STRENGTH:  0.2614E+01

                                                                                                                                                 input
      species              molality         gamma    log activ.  tot.aqueous  tot.aqueous  tot.solid    tot.gas      tot.sorbed   aq.kinetics  tot.system  tot.balance  aq.balance
                         (water in kg) (H2O activity)              molality      moles       moles       moles          moles        moles        moles
     ------------------------------------------------------------------------------------------------------------------------------------------------------------------------------
   1 h2o                  0.10000E+01    0.93851E+00    -0.028   0.55508E+02  0.55509E+02  0.00000E+00  0.00000E+00  0.00000E+00  0.00000E+00  0.55509E+02  0.43769E-11  0.19256E-11
   2 h+                   0.14766E-06    0.64776E+00    -7.019   0.15960E-05  0.15960E-05  0.00000E+00  0.00000E+00  0.00000E+00  0.00000E+00  0.15960E-05 -0.12937E-10  0.26831E-14
   3 ca+2                 0.18549E+00    0.53717E-01    -2.002   0.20820E+00  0.20820E+00  0.00000E+00  0.00000E+00  0.00000E+00  0.00000E+00  0.20820E+00 -0.59953E-10 -0.19718E-10
   4 mg+2                 0.35624E-01    0.52940E-01    -2.724   0.45200E-01  0.45200E-01  0.00000E+00  0.00000E+00  0.00000E+00  0.00000E+00  0.45200E-01  0.84342E-10 -0.71383E-10
   5 na+                  0.13900E+01    0.62502E+00    -0.061   0.18270E+01  0.18270E+01  0.00000E+00  0.00000E+00  0.00000E+00  0.00000E+00  0.18270E+01 -0.96591E-08  0.62326E-08
   6 k+                   0.14203E-01    0.62897E+00    -2.049   0.16000E-01  0.16000E-01  0.00000E+00  0.00000E+00  0.00000E+00  0.00000E+00  0.16000E-01 -0.44993E-10  0.35238E-10
   7 fe+2                 0.49916E-10    0.53060E-01   -11.577   0.99999E-10  0.10000E-09  0.00000E+00  0.00000E+00  0.00000E+00  0.00000E+00  0.10000E-09 -0.42788E-16  0.21071E-16
   8 sio2(aq)             0.79245E-12    0.10000E+01   -12.101   0.92029E-12  0.92030E-12  0.00000E+00  0.00000E+00  0.00000E+00  0.00000E+00  0.92030E-12  0.11520E-20  0.54626E-21
   9 hco3-                0.25570E-02    0.63401E+00    -2.790   0.48000E-02  0.48000E-02  0.00000E+00  0.00000E+00  0.00000E+00  0.00000E+00  0.48000E-02  0.94341E-11 -0.60251E-11
  10 so4-2                0.35561E-02    0.57769E-01    -3.687   0.91999E-02  0.92000E-02  0.00000E+00  0.00000E+00  0.00000E+00  0.00000E+00  0.92000E-02  0.10056E-09 -0.42750E-10
  11 alo2-                0.69770E-12    0.63322E+00   -12.355   0.10780E-11  0.10780E-11  0.00000E+00  0.00000E+00  0.00000E+00  0.00000E+00  0.10780E-11 -0.79348E-20  0.34343E-20
  12 cl-                  0.18575E+01    0.63322E+00     0.070   0.23300E+01  0.23300E+01  0.00000E+00  0.00000E+00  0.00000E+00  0.00000E+00  0.23300E+01 -0.10075E-07  0.64446E-08
  13 o2(aq)               0.27630E-05    0.10000E+01    -5.559   0.27630E-05  0.27630E-05  0.00000E+00  0.00000E+00  0.00000E+00  0.00000E+00  0.27630E-05 -0.25913E-14  0.25914E-14
  14 oh-                  0.16395E-04    0.64339E+00    -4.977
  15 al+3                 0.61549E-22    0.14516E-02   -25.049
  16 halo2(aq)            0.77910E-14    0.10000E+01   -14.108
  17 naalo2(aq)           0.31284E-12    0.10000E+01   -12.505
  18 aloh+2               0.22911E-19    0.53495E-01   -20.912
  19 al(oh)2+             0.15549E-16    0.62966E+00   -17.009
  20 al(oh)3(aq)          0.59641E-13    0.10000E+01   -13.224
  21 cacl+                0.11520E-01    0.62966E+00    -2.139
  22 cacl2(aq)            0.89503E-02    0.10000E+01    -2.048
  23 caso4(aq)            0.94015E-03    0.10000E+01    -3.027
  24 nacl(aq)             0.43358E+00    0.10000E+01    -0.363
  25 fecl+                0.11250E-10    0.62966E+00   -11.150
  26 fehco3+              0.17317E-12    0.62966E+00   -12.962
  27 feco3(aq)            0.72150E-15    0.10000E+01   -15.142
  28 fecl4-2              0.38553E-10    0.57183E-01   -11.657
  29 nahco3(aq)           0.38384E-03    0.10000E+01    -3.416
  30 cahco3+              0.98357E-03    0.62966E+00    -3.208
  31 mghco3+              0.19505E-03    0.62966E+00    -3.911
  32 co2(aq)              0.35899E-03    0.14686E+01    -3.278
  33 co3-2                0.23119E-04    0.56598E-01    -5.883
  34 caco3(aq)            0.29814E-03    0.10000E+01    -3.526
  35 kcl(aq)              0.17364E-02    0.10000E+01    -2.760
  36 mgcl+                0.77115E-02    0.62966E+00    -2.314
  37 mgso4(aq)            0.16690E-02    0.10000E+01    -2.778
  38 naso4-               0.29743E-02    0.63322E+00    -2.725
  39 kso4-                0.60404E-04    0.63322E+00    -4.417
  40 nahsio3(aq)          0.11972E-12    0.10000E+01   -12.922
  41 caoh+                0.13019E-04    0.62966E+00    -5.086
  42 naoh(aq)             0.66313E-05    0.10000E+01    -5.178
  43 naco3-               0.23958E-06    0.63322E+00    -6.819
  44 h3sio4-              0.81329E-14    0.63322E+00   -14.288
  45 fe+3                 0.10687E-12    0.14725E-02   -15.803
  46 hs-                  0.12437E-99    0.63309E+00  -100.104
  47 h2s(aq)              0.15000-100    0.14686E+01  -100.657
  48 ch4(aq)              0.43201-105    0.14686E+01  -105.198
  49 h2(aq)               0.29908E-31    0.14686E+01   -31.357
  50 acetic~acid(aq)      0.32065-112    0.10000E+01  -112.494
  51 so2(aq)              0.70860E-39    0.14686E+01   -38.983
  52 hso3-                0.15131E-34    0.63322E+00   -35.019

     Solution charge imbalance = -.3398E-02 equiv  (-.9093E-01%)

     eq.minerals             moles         log(Q/K)   v.frac solid
     ------------------------------------------------------------
   1 anhydrite            0.00000E+00        0.04296

     kin.minerals            moles         log(Q/K)   v.frac solid rate(mol/sec)
     ---------------------------------------------------------------------------
   1 halite               0.00000E+00       -1.52500
   2 calcite              0.00000E+00        1.72686
   3 magnesite            0.00000E+00        1.30767
   4 quartz               0.00000E+00       -9.26637
   5 dolomite-2           0.00000E+00        1.77180
   6 kaolinite            0.00000E+00      -31.02163
   7 siderite-2           0.00000E+00       -5.66072
   8 ankerite-2           0.00000E+00       -1.57461
   9 pyrite-2             0.00000E+00     -168.65263
  10 dawsonite            0.00000E+00       -8.11508
  11 illite               0.00000E+00      -43.67474
  12 oligoclase           0.00000E+00     -167.31815
  13 smectite-na          0.00000E+00      -45.76809
  14 k-feldspar           0.00000E+00      -33.04591
  15 chlorite             0.00000E+00      -38.16469
  16 hematite             0.00000E+00       16.03640
  17 smectite-ca          0.00000E+00      -45.76005
  18 albite~low           0.00000E+00      -32.71105

      gases                  moles      log(Q/K/fuga)    log(fuga)   phi    
     ------------------------------------------------------------------------
   1 co2(g)               0.00000E+00        0.00000       -1.26023   0.99530



 
 
 
 
      --- Write chemical speciation like the format in chemical.inp -- 

                    T= "0.410687E-01 yr



  Grid block:      1
   1   120.000    252.0715
# component  flag    guess      ctotal    fix log(Q/K)
'h2o        ' 1   0.1000E+01  0.1000E+01  '*'   0.0 
'h+         ' 1   0.2105E-04  0.9147E+00  '*'   0.0 
'ca+2       ' 1   0.1751E+00  0.2143E+00  '*'   0.0 
'mg+2       ' 1   0.4845E-01  0.6548E-01  '*'   0.0 
'na+        ' 1   0.2062E+01  0.3004E+01  '*'   0.0 
'k+         ' 1   0.1311E-01  0.1544E-01  '*'   0.0 
'fe+2       ' 1   0.1292E-13  0.6084E-13  '*'   0.0 
'sio2(aq)   ' 1   0.8866E-12  0.8880E-12  '*'   0.0 
'hco3-      ' 1   0.4670E-01  0.9900E+00  '*'   0.0 
'so4-2      ' 1   0.3457E-02  0.8843E-02  '*'   0.0 
'alo2-      ' 1   0.6369E-13  0.1040E-11  '*'   0.0 
'cl-        ' 1   0.2510E+01  0.3489E+01  '*'   0.0 
'o2(aq)     ' 1   0.2666E-05  0.2666E-05  '*'   0.0 
'*'
