
 --> start reading chemical input data from chemical.inp

'CO2'                                                                                               
--------------------------------------------------------------------------------
DEFINITION OF THE GEOCHEMICAL SYSTEM
PRIMARY AQUEOUS SPECIES
 h2o                                      0
 h+                                       0
 ca+2                                     0
 mg+2                                     0
 na+                                      0
 k+                                       0
 fe+2                                     0
 sio2(aq)                                 0
 hco3-                                    0
 so4-2                                    0
 alo2-                                    0
 cl-                                      0
 o2(aq)                                   0

   finished reading all primary species
   total primary species     npri =  13
     aqueous primary species npaq =  13
     surface primary species npads=   0

AQUEOUS KINETICS
   finished reading aqueous kinetics
   ntrx =   0

AQUEOUS COMPLEXES
 oh-                 
 al+3                
 halo2(aq)           
 naalo2(aq)          
 aloh+2              
 al(oh)2+            
 al(oh)3(aq)         
 cacl+               
 cacl2(aq)           
 caso4(aq)           
 nacl(aq)            
 fecl+               
 fehco3+             
 feco3(aq)           
 fecl4-2             
 nahco3(aq)          
 cahco3+             
 mghco3+             
 co2(aq)             
 co3-2               
 caco3(aq)           
 kcl(aq)             
 mgcl+               
 mgso4(aq)           
 naso4-              
 kso4-               
 nahsio3(aq)         
 caoh+               
 naoh(aq)            
 naco3-              
 h3sio4-             
 fe+3                
 hs-                 
 h2s(aq)             
 ch4(aq)             
 h2(aq)              
 acetic~acid(aq)     
 so2(aq)             
 hso3-               
   finished reading secondary species
   naqx =  39

MINERALS
 anhydrite                                0                     0
     0.000     0.000     0.000
 halite                                   1                     3
 0.540E+00    0     1.000     1.000    14.400     0.000     0.000     0.000
 0.540E+00    0     1.000     1.000    14.400     0.000     0.000     0.0000.1000E-05  0
     0.000     0.000     0.000
 calcite                                  1                     3
 0.155E-05    2     1.000     1.000    23.500     0.000     0.000     0.000
         2
             0.4012E-01   14.4000    1      h+                 1.0000
             0.3310E-03   35.4000    1      h+                 1.0000
 0.155E-05    0     1.000     1.000    23.500     0.000     0.000     0.0000.1000E-05  0
     0.000     0.000     0.000
 magnesite                                1                     3
 0.457E-09    2     1.000     1.000    23.500     0.000     0.000     0.000
         2
             0.4169E-06   14.4000    1      h+                 1.0000
             0.3310E-06   35.4000    1      h+                 1.0000
 0.457E-09    0     1.000     1.000    23.500     0.000     0.000     0.0000.1000E-05  0
     0.000     0.000     0.000
 quartz                                   1                     3
 0.398E-13    0     1.000     1.000    87.700     0.000     0.000     0.000
 0.398E-13    0     1.000     1.000    87.700     0.000     0.000     0.0000.1000E-05  0
     0.000     0.000     0.000
 dolomite-2                               1                     3
 0.295E-07    2     1.000     1.000    95.300     0.000     0.000     0.000
         2
             0.1740E-03   56.1000    1      h+                 0.5000
             0.7760E-05   45.7000    1      h+                 0.5000
 0.295E-07    0     1.000     1.000    95.300     0.000     0.000     0.0000.1000E-05  0
     0.000     0.000     0.000
 kaolinite                                1                     3
 0.692E-13    2     1.000     1.000    22.200     0.000     0.000     0.000
         2
             0.4898E-11   65.9000    1      h+                 0.7770
             0.8912E-17   17.9000    1      h+                -0.4720
 0.692E-13    0     1.000     1.000    22.200     0.000     0.000     0.0000.1000E-05  0
     0.000     0.000     0.000
 siderite-2                               1                     3
 0.126E-08    2     1.000     1.000    62.760     0.000     0.000     0.000
         1
             0.6456E-03   36.1000    1      h+                 0.5000
 0.126E-08    0     1.000     1.000    62.760     0.000     0.000     0.0000.1000E-05  0
     0.000     0.000     0.000
 ankerite-2                               1                     3
 0.126E-08    2     1.000     1.000    62.760     0.000     0.000     0.000
         1
             0.6456E-03   36.1000    1      h+                 0.5000
 0.126E-08    0     1.000     1.000    62.760     0.000     0.000     0.0000.1000E-05  0
     0.000     0.000     0.000
 pyrite-2                                 1                     3
 0.400E-10    2     1.000     1.000    11.900     0.000     0.000     0.000
         2
             0.3020E-07   11.9000    2      h+                -0.5000  fe+3               0.5000
             0.2818E-04   11.9000    1      o2(aq)             0.5000
 0.400E-10    0     1.000     1.000    56.900     0.000     0.000     0.0000.1000E-05  0
     0.000     0.000     0.000
 dawsonite                                1                     3
 0.126E-08    2     1.000     1.000    42.760     0.000     0.000     0.000
         1
             0.6456E-03   36.1000    1      h+                 0.5000
 0.126E-08    0     1.000     1.000    42.760     0.000     0.000     0.0000.1000E-05  0
     0.000     0.000     0.000
 illite                                   1                     3
 0.166E-12    2     1.000     1.000    35.000     0.000     0.000     0.000
         2
             0.1047E-10   23.6000    1      h+                 0.3400
             0.3020E-16   58.9000    1      h+                -0.4000
 0.166E-12    0     1.000     1.000    35.000     0.000     0.000     0.0000.1000E-05  0
     0.000     0.000     0.000
 oligoclase                               1                     3
 0.145E-12    2     1.000     1.000    69.800     0.000     0.000     0.000
         1
             0.2138E-10   65.0000    1      h+                 0.4570
 0.145E-12    0     1.000     1.000    69.800     0.000     0.000     0.0000.1000E-05  0
     0.000     0.000     0.000
 smectite-na                              1                     3
 0.166E-12    2     1.000     1.000    35.000     0.000     0.000     0.000
         2
             0.1047E-10   23.6000    1      h+                 0.3400
             0.3020E-16   58.9000    1      h+                -0.4000
 0.166E-12    0     1.000     1.000    35.000     0.000     0.000     0.0000.1000E-05  0
     0.000     0.000     0.000
 k-feldspar                               1                     3
 0.389E-12    2     1.000     1.000    38.000     0.000     0.000     0.000
         2
             0.8710E-10   51.7000    1      h+                 0.5000
             0.6310E-21   94.1000    1      h+                -0.8230
 0.389E-12    0     1.000     1.000    38.000     0.000     0.000     0.0000.1000E-05  0
     0.000     0.000     0.000
 chlorite                                 1                     3
 0.302E-12    2     1.000     1.000    88.000     0.000     0.000     0.000
         1
             0.7762E-11   88.0000    1      h+                 0.5000
 0.302E-12    0     1.000     1.000    88.000     0.000     0.000     0.0000.1000E-05  0
     0.000     0.000     0.000
 hematite                                 1                     3
 0.251E-14    2     1.000     1.000    66.200     0.000     0.000     0.000
         1
             0.4074E-09   66.2000    1      h+                 1.0000
 0.251E-14    0     1.000     1.000    66.200     0.000     0.000     0.0000.1000E-05  0
     0.000     0.000     0.000
 smectite-ca                              1                     3
 0.166E-12    2     1.000     1.000    35.000     0.000     0.000     0.000
         2
             0.1047E-10   23.6000    1      h+                 0.3400
             0.3020E-16   58.9000    1      h+                -0.4000
 0.166E-12    0     1.000     1.000    35.000     0.000     0.000     0.0000.1000E-05  0
     0.000     0.000     0.000
 albite~low                               1                     3
 0.275E-12    2     1.000     1.000    69.800     0.000     0.000     0.000
         2
             0.6918E-10   65.0000    1      h+                 0.4570
             0.2512E-15   71.0000    1      h+                -0.5720
 0.275E-12    0     1.000     1.000    69.800     0.000     0.000     0.0000.1000E-05  0
     0.000     0.000     0.000
   finished reading minerals
    nmin  =  19
    nmequ =   1
    nmkin =  18
    nsalt =   0


  The following minerals form ideal solid solutions:
   None
 
GASES
 co2(g)              
   finished reading gases
    ngas  =   1

SURFACE COMPLEXES
   finished reading surface complexes
    nads  =   0

SPECIES WITH KD AND DECAY
Species          Decay const.(1/s)    Th. decay a      Th. decay b
   finished reading kd/decay species
    nkdd  =   0


     Temporarily stop reading chemical.inp to read thermodynamic database....
    --> Start reading thermodynamic database: ThermXu4.dat        
    --> Finished reading thermodynamic database
     ....back to reading chemical.inp
 
EXCHANGEABLE CATIONS
   finished reading exchanged species
    nexc  =   0


 Finished reading upper part of chemical.inp
 SUMMARY OF THERMODYNAMIC DATA FOR THE CHEMICAL SYSTEM

   Components     a0    charge
  h2o            0.000    0.0
  h+             3.080    1.0
  ca+2           2.870    2.0
  mg+2           2.540    2.0
  na+            1.910    1.0
  k+             2.270    1.0
  fe+2           2.620    2.0
  sio2(aq)       0.000    0.0
  hco3-          2.100   -1.0
  so4-2          3.150   -2.0
  alo2-          1.810   -1.0
  cl-            1.810   -1.0
  o2(aq)         0.000    0.0


 Log K interpolation coefficients as a function of temperature (K) (a,b,c,d,e)
 valid temperature range (deg.C.):   0.0 to 300.0
                        a*ln(TK)       b          c*TK     d*(TK)**-1  e*(TK)**-2
 oh-                  -1.1609E+02  7.4186E+02  1.1647E-01 -3.8963E+04  2.6264E+06
 al+3                  3.6067E+01 -2.2324E+02 -3.3211E-02  4.4829E+03 -9.1283E+05
 halo2(aq)             8.5813E+01 -5.4438E+02 -8.8781E-02  2.9201E+04 -1.9974E+06
 naalo2(aq)            1.5177E+02 -9.6704E+02 -1.4725E-01  5.4975E+04 -3.3276E+06
 aloh+2                5.8907E+01 -3.6953E+02 -5.7066E-02  1.3932E+04 -1.2162E+06
 al(oh)2+              2.2744E+01 -1.3902E+02 -3.3579E-02  5.0864E+03 -9.2409E+05
 al(oh)3(aq)           4.5302E+01 -2.9955E+02 -3.2594E-02  1.6254E+04 -8.9612E+05
 cacl+                 1.3103E+02 -8.3024E+02 -1.3376E-01  4.6829E+04 -2.9136E+06
 cacl2(aq)             2.6397E+02 -1.6725E+03 -2.6682E-01  9.3589E+04 -5.7991E+06
 caso4(aq)             2.6777E+02 -1.7008E+03 -2.6432E-01  9.3540E+04 -5.5017E+06
 nacl(aq)              1.2748E+02 -8.0980E+02 -1.2503E-01  4.5318E+04 -2.7066E+06
 fecl+                 1.3604E+02 -8.6383E+02 -1.3730E-01  4.8907E+04 -3.0401E+06
 fehco3+               1.5321E+02 -9.6630E+02 -1.5586E-01  5.1442E+04 -3.0882E+06
 feco3(aq)            -4.9426E+02  3.1460E+03  4.8872E-01 -1.7444E+05  1.0224E+07
 fecl4-2              -5.9197E+01  3.8822E+02  2.4758E-02 -1.8729E+04  5.7228E+05
 nahco3(aq)           -1.9296E+02  1.2242E+03  1.9025E-01 -6.6962E+04  3.8160E+06
 cahco3+               1.4238E+02 -9.0678E+02 -1.4307E-01  5.1998E+04 -3.3081E+06
 mghco3+               1.4465E+02 -9.2374E+02 -1.4285E-01  5.3640E+04 -3.4446E+06
 co2(aq)               1.0336E+02 -6.6225E+02 -1.0747E-01  3.8310E+04 -2.6168E+06
 co3-2                -1.2715E+02  8.1537E+02  1.2850E-01 -4.5171E+04  2.8995E+06
 caco3(aq)             1.4428E+02 -9.0987E+02 -1.4188E-01  4.9758E+04 -2.6449E+06
 kcl(aq)               1.1449E+02 -7.2588E+02 -1.1354E-01  4.0160E+04 -2.2906E+06
 mgcl+                 1.4464E+02 -9.2065E+02 -1.4462E-01  5.3131E+04 -3.4131E+06
 mgso4(aq)             5.4072E+02 -3.4368E+03 -5.2632E-01  1.8893E+05 -1.0945E+07
 naso4-                2.2849E+02 -1.4587E+03 -2.1256E-01  8.1356E+04 -4.7528E+06
 kso4-                 1.5172E+02 -9.6700E+02 -1.4844E-01  5.4823E+04 -3.3736E+06
 nahsio3(aq)           1.2913E+02 -8.4423E+02 -9.4029E-02  5.5671E+04 -3.7218E+06
 caoh+                 4.8490E+01 -3.0192E+02 -5.1744E-02  1.8938E+04 -8.5279E+05
 naoh(aq)             -3.9778E+02  2.5265E+03  3.8913E-01 -1.3467E+05  7.9779E+06
 naco3-                5.5748E+01 -3.5618E+02 -2.4308E-02  1.9021E+04 -7.2732E+05
 h3sio4-               1.2110E+02 -7.9518E+02 -8.1293E-02  5.3249E+04 -3.4984E+06
 fe+3                 -3.7867E+01  2.4777E+02  4.1026E-02 -1.8727E+04  8.9571E+05
 hs-                   2.0386E+02 -1.3144E+03 -2.0664E-01  1.2257E+05 -5.1832E+06
 h2s(aq)               3.2165E+02 -2.0661E+03 -3.2620E-01  1.6444E+05 -7.9518E+06
 ch4(aq)               2.2512E+02 -1.4452E+03 -2.2600E-01  1.3093E+05 -5.7841E+06
 h2(aq)                4.3717E+01 -2.8270E+02 -4.4544E-02  3.1989E+04 -1.2695E+06
 acetic~acid(aq)       2.9783E+02 -1.9042E+03 -3.0274E-01  1.5474E+05 -7.0679E+06
 so2(aq)               2.7468E+02 -1.7620E+03 -2.7704E-01  1.1651E+05 -6.5412E+06
 hso3-                 1.5763E+02 -1.0131E+03 -1.5800E-01  7.2763E+04 -3.7763E+06
 anhydrite             2.7263E+02 -1.7372E+03 -2.7345E-01  9.7788E+04 -5.9395E+06
 halite                1.2611E+02 -7.9921E+02 -1.2364E-01  4.4621E+04 -2.7139E+06
 calcite               1.4263E+02 -9.0477E+02 -1.4455E-01  5.0724E+04 -2.9370E+06
 magnesite             1.5465E+02 -9.8543E+02 -1.5376E-01  5.6140E+04 -3.1864E+06
 quartz               -2.3561E+01  1.5445E+02  1.7816E-02 -1.0900E+04  6.4851E+05
 dolomite-2            2.9764E+02 -1.8922E+03 -2.9880E-01  1.0736E+05 -6.1229E+06
 kaolinite             4.6966E+02 -3.0345E+03 -4.0901E-01  1.6933E+05 -1.1309E+07
 siderite-2            1.5183E+02 -9.6672E+02 -1.5214E-01  5.4300E+04 -3.1442E+06
 ankerite-2            2.9384E+02 -1.8677E+03 -2.9623E-01  1.0498E+05 -6.0624E+06
 pyrite-2              6.5507E+02 -4.1978E+03 -6.6039E-01  3.1430E+05 -1.5519E+07
 dawsonite             2.5686E+02 -1.6336E+03 -2.4308E-01  8.4080E+04 -5.1496E+06
 illite                9.7662E+02 -6.3134E+03 -8.3515E-01  3.6292E+05 -2.3691E+07
 oligoclase            5.7821E+03 -3.7174E+04 -5.1244E+00  2.1346E+06 -1.3323E+08
 smectite-na           4.2336E+02 -2.6888E+03 -4.1325E-01  1.3531E+05 -8.3110E+06
 k-feldspar            2.2819E+01 -1.2055E+02 -4.7299E-02 -7.0465E+03  4.7707E+05
 chlorite              7.3086E+02 -4.6982E+03 -6.7072E-01  2.7387E+05 -1.6018E+07
 hematite              8.8054E+01 -5.6113E+02 -8.4803E-02  2.5136E+04 -1.4633E+06
 smectite-ca           3.8381E+02 -2.4404E+03 -3.7433E-01  1.2269E+05 -7.6261E+06
 albite~low            8.0796E+01 -5.0406E+02 -8.8674E-02  1.8659E+04 -1.1193E+06
 co2(g)                9.7602E+01 -6.2773E+02 -9.9514E-02  3.4934E+04 -2.1047E+06

 dV interpolation coefficients as a function of temperature (K) (a,b,c,d,e) for log(K) pressure dependency 
 valid temperature range (deg.C.):   0.0 to 300.0
                        a              b*TK       c*TK**2     d*(TK)**-1  e*(TK)**-2

 Derived Species Reactions
  species        a0   charge  logK(25. C)  h2o    h+     ca+2   mg+2   na+    k+     fe+2   sio2(aqhco3-  so4-2  alo2-  cl-    o2(aq) 
 oh-            1.400  -1.0       13.991   1.00  -1.00   0.00   0.00   0.00   0.00   0.00   0.00   0.00   0.00   0.00   0.00   0.00
 al+3           3.330   3.0      -22.879  -2.00   4.00   0.00   0.00   0.00   0.00   0.00   0.00   0.00   0.00   1.00   0.00   0.00
 halo2(aq)      0.000   0.0       -6.448   0.00   1.00   0.00   0.00   0.00   0.00   0.00   0.00   0.00   0.00   1.00   0.00   0.00
 naalo2(aq)     0.000   0.0        0.748   0.00   0.00   0.00   0.00   1.00   0.00   0.00   0.00   0.00   0.00   1.00   0.00   0.00
 aloh+2         2.800   2.0      -17.868  -1.00   3.00   0.00   0.00   0.00   0.00   0.00   0.00   0.00   0.00   1.00   0.00   0.00
 al(oh)2+       2.310   1.0      -12.780   0.00   2.00   0.00   0.00   0.00   0.00   0.00   0.00   0.00   0.00   1.00   0.00   0.00
 al(oh)3(aq)    0.000   0.0       -6.721   1.00   1.00   0.00   0.00   0.00   0.00   0.00   0.00   0.00   0.00   1.00   0.00   0.00
 cacl+          2.310   1.0        0.701   0.00   0.00   1.00   0.00   0.00   0.00   0.00   0.00   0.00   0.00   0.00   1.00   0.00
 cacl2(aq)      0.000   0.0        0.654   0.00   0.00   1.00   0.00   0.00   0.00   0.00   0.00   0.00   0.00   0.00   2.00   0.00
 caso4(aq)      0.000   0.0       -2.100   0.00   0.00   1.00   0.00   0.00   0.00   0.00   0.00   0.00   1.00   0.00   0.00   0.00
 nacl(aq)       0.000   0.0        0.782   0.00   0.00   0.00   0.00   1.00   0.00   0.00   0.00   0.00   0.00   0.00   1.00   0.00
 fecl+          2.310   1.0        0.165   0.00   0.00   0.00   0.00   0.00   0.00   1.00   0.00   0.00   0.00   0.00   1.00   0.00
 fehco3+        2.310   1.0       -2.044   0.00   0.00   0.00   0.00   0.00   0.00   1.00   0.00   1.00   0.00   0.00   0.00   0.00
 feco3(aq)      0.000   0.0        5.568   0.00  -1.00   0.00   0.00   0.00   0.00   1.00   0.00   1.00   0.00   0.00   0.00   0.00
 fecl4-2        3.000  -2.0        1.939   0.00   0.00   0.00   0.00   0.00   0.00   1.00   0.00   0.00   0.00   0.00   4.00   0.00
 nahco3(aq)     0.000   0.0       -0.170   0.00   0.00   0.00   0.00   1.00   0.00   0.00   0.00   1.00   0.00   0.00   0.00   0.00
 cahco3+        2.310   1.0       -1.043   0.00   0.00   1.00   0.00   0.00   0.00   0.00   0.00   1.00   0.00   0.00   0.00   0.00
 mghco3+        2.310   1.0       -1.033   0.00   0.00   0.00   1.00   0.00   0.00   0.00   0.00   1.00   0.00   0.00   0.00   0.00
 co2(aq)        0.000   0.0       -6.342  -1.00   1.00   0.00   0.00   0.00   0.00   0.00   0.00   1.00   0.00   0.00   0.00   0.00
 co3-2          2.810  -2.0       10.325   0.00  -1.00   0.00   0.00   0.00   0.00   0.00   0.00   1.00   0.00   0.00   0.00   0.00
 caco3(aq)      0.000   0.0        7.009   0.00  -1.00   1.00   0.00   0.00   0.00   0.00   0.00   1.00   0.00   0.00   0.00   0.00
 kcl(aq)        0.000   0.0        1.500   0.00   0.00   0.00   0.00   0.00   1.00   0.00   0.00   0.00   0.00   0.00   1.00   0.00
 mgcl+          2.310   1.0        0.139   0.00   0.00   0.00   1.00   0.00   0.00   0.00   0.00   0.00   0.00   0.00   1.00   0.00
 mgso4(aq)      0.000   0.0       -2.382   0.00   0.00   0.00   1.00   0.00   0.00   0.00   0.00   0.00   1.00   0.00   0.00   0.00
 naso4-         1.810  -1.0       -0.811   0.00   0.00   0.00   0.00   1.00   0.00   0.00   0.00   0.00   1.00   0.00   0.00   0.00
 kso4-          1.810  -1.0       -0.875   0.00   0.00   0.00   0.00   0.00   1.00   0.00   0.00   0.00   1.00   0.00   0.00   0.00
 nahsio3(aq)    0.000   0.0        8.298   1.00  -1.00   0.00   0.00   1.00   0.00   0.00   1.00   0.00   0.00   0.00   0.00   0.00
 caoh+          2.310   1.0       12.852   1.00  -1.00   1.00   0.00   0.00   0.00   0.00   0.00   0.00   0.00   0.00   0.00   0.00
 naoh(aq)       0.000   0.0       14.154   1.00  -1.00   0.00   0.00   1.00   0.00   0.00   0.00   0.00   0.00   0.00   0.00   0.00
 naco3-         1.810  -1.0        9.816   0.00  -1.00   0.00   0.00   1.00   0.00   0.00   0.00   1.00   0.00   0.00   0.00   0.00
 h3sio4-        1.810  -1.0        9.812   2.00  -1.00   0.00   0.00   0.00   0.00   0.00   1.00   0.00   0.00   0.00   0.00   0.00
 fe+3           3.460   3.0       -8.489  -0.50   1.00   0.00   0.00   0.00   0.00   1.00   0.00   0.00   0.00   0.00   0.00   0.25
 hs-            1.840  -1.0      138.321   0.00   1.00   0.00   0.00   0.00   0.00   0.00   0.00   0.00   1.00   0.00   0.00  -2.00
 h2s(aq)        0.000   0.0      131.337   0.00   2.00   0.00   0.00   0.00   0.00   0.00   0.00   0.00   1.00   0.00   0.00  -2.00
 ch4(aq)        0.000   0.0      144.147   1.00   1.00   0.00   0.00   0.00   0.00   0.00   0.00   1.00   0.00   0.00   0.00  -2.00
 h2(aq)         0.000   0.0       46.107   1.00   0.00   0.00   0.00   0.00   0.00   0.00   0.00   0.00   0.00   0.00   0.00  -0.50
 acetic~acid(   0.000   0.0      142.004   0.00   2.00   0.00   0.00   0.00   0.00   0.00   0.00   2.00   0.00   0.00   0.00  -2.00
 so2(aq)        0.000   0.0       37.568  -1.00   2.00   0.00   0.00   0.00   0.00   0.00   0.00   0.00   1.00   0.00   0.00  -0.50
 hso3-          1.810  -1.0       39.423   0.00   1.00   0.00   0.00   0.00   0.00   0.00   0.00   0.00   1.00   0.00   0.00  -0.50

 Mineral Reactions
  minerals    m.vol(L/mol)  logK(25. C)  h2o    h+     ca+2   mg+2   na+    k+     fe+2   sio2(aqhco3-  so4-2  alo2-  cl-    o2(aq) 
 anhydrite         0.0459      -4.297    0.00   0.00   1.00   0.00   0.00   0.00   0.00   0.00   0.00   1.00   0.00   0.00   0.00
 halite            0.0270       1.590    0.00   0.00   0.00   0.00   1.00   0.00   0.00   0.00   0.00   0.00   0.00   1.00   0.00
 calcite           0.0369       1.854    0.00  -1.00   1.00   0.00   0.00   0.00   0.00   0.00   1.00   0.00   0.00   0.00   0.00
 magnesite         0.0280       2.299    0.00  -1.00   0.00   1.00   0.00   0.00   0.00   0.00   1.00   0.00   0.00   0.00   0.00
 quartz            0.0227      -3.745    0.00   0.00   0.00   0.00   0.00   0.00   0.00   1.00   0.00   0.00   0.00   0.00   0.00
 dolomite-2        0.0644       5.763    0.00  -2.00   1.00   1.00   0.00   0.00   0.00   0.00   2.00   0.00   0.00   0.00   0.00
 kaolinite         0.0995     -39.824    1.00   2.00   0.00   0.00   0.00   0.00   0.00   2.00   0.00   0.00   2.00   0.00   0.00
 siderite-2        0.0294      -0.251    0.00  -1.00   0.00   0.00   0.00   0.00   1.00   0.00   1.00   0.00   0.00   0.00   0.00
 ankerite-2        0.0656       2.081    0.00  -2.00   1.00   0.30   0.00   0.00   0.70   0.00   2.00   0.00   0.00   0.00   0.00
 pyrite-2          0.0239     217.245   -1.00   2.00   0.00   0.00   0.00   0.00   1.00   0.00   0.00   2.00   0.00   0.00  -3.50
 dawsonite         0.0593     -18.532    0.00   1.00   0.00   0.00   1.00   0.00   0.00   0.00   1.00   0.00   1.00   0.00   0.00
 illite            0.1389     -47.328    0.40   1.20   0.00   0.25   0.00   0.60   0.00   3.50   0.00   0.00   2.30   0.00   0.00
 oligoclase        0.5025     -97.779    0.00   0.00   1.00   0.00   4.00   0.00   0.00  14.00   0.00   0.00   6.00   0.00   0.00
 smectite-na       0.1325     -39.523    0.52   0.96   0.00   0.26   0.29   0.00   0.00   3.97   0.00   0.00   1.77   0.00   0.00
 k-feldspar        0.1089     -22.910    0.00   0.00   0.00   0.00   0.00   1.00   0.00   3.00   0.00   0.00   1.00   0.00   0.00
 chlorite          0.2103       4.298    8.00  -8.00   0.00   2.50   0.00   0.00   2.50   3.00   0.00   0.00   2.00   0.00   0.00
 hematite          0.0303     -16.869    2.00  -4.00   0.00   0.00   0.00   0.00   2.00   0.00   0.00   0.00   0.00   0.00   0.50
 smectite-ca       0.1325     -39.512    0.52   0.96   0.14   0.26   0.00   0.00   0.00   3.97   0.00   0.00   1.77   0.00   0.00
 albite~low        0.1001     -20.160    0.00   0.00   0.00   0.00   1.00   0.00   0.00   3.00   0.00   0.00   1.00   0.00   0.00

 Gas Reactions
  gases                     logK( 25.C)  h2o    h+     ca+2   mg+2   na+    k+     fe+2   sio2(aqhco3-  so4-2  alo2-  cl-    o2(aq) 
 co2(g)                        -7.810   -1.00   1.00   0.00   0.00   0.00   0.00   0.00   0.00   1.00   0.00   0.00   0.00   0.00

--------------------------------------------------------------------------------
INITIAL AND BOUDARY WATER TYPES
 
 Initial Water Type =   1
 water temperature (C)=  120.00
 water pressure (bar) =    1.99
        icon        guess         ctot          constrain
 h2o     1        0.1000E+01        0.1000E+01
 h+      1        0.1596E-05        0.1596E-05
 ca+2    1        0.2082E+00        0.2082E+00
 mg+2    1        0.4520E-01        0.4520E-01
 na+     1        0.1827E+01        0.1827E+01
 fe+2    1        0.1000E-09        0.1000E-09
 k+      1        0.1600E-01        0.1600E-01
 sio2(aq)1        0.9203E-12        0.9203E-12
 hco3-   1        0.4800E-02        0.4800E-02
 so4-2   1        0.9200E-02        0.9200E-02
 alo2-   1        0.1078E-11        0.1078E-11
 cl-     1        0.2330E+01        0.2330E+01
 o2(aq)  1        0.2763E-65        0.2763E-05

      Number of initial waters:      1
      Number of boundary waters:   0


--------------------------------------------------------------------------------
INITIAL MINERAL ZONES

 MINERAL ZONE=   1
mineral         vol.frac.
 anhydrite      0.0000E+00 equilibrium
 halite         0.5850E-01 kinetic 
  0.1000E-02  0.1010E+00    0
 calcite        0.1900E-01 kinetic 
  0.1000E-02  0.8900E+00    0
 magnesite      0.0000E+00 kinetic 
  0.1000E-02  0.9800E+01    0
 quartz         0.0000E+00 kinetic 
  0.1000E-02  0.4010E+03    0
 dolomite-2     0.9700E+00 kinetic 
  0.1000E-02  0.8000E-02    0
 kaolinite      0.0000E+00 kinetic 
  0.1000E-02  0.1517E+04    0
 siderite-2     0.0000E+00 kinetic 
  0.1000E-02  0.9800E+01    0
 ankerite-2     0.0000E+00 kinetic 
  0.1000E-02  0.1290E+02    0
 pyrite-2       0.0000E+00 kinetic 
  0.1000E-02  0.1287E+02    0
 dawsonite      0.0000E+00 kinetic 
  0.1000E-02  0.9800E+01    0
 illite         0.0000E+00 kinetic 
  0.0000E+00  0.0000E+00    0
 oligoclase     0.0000E+00 kinetic 
  0.1000E-02  0.9800E+01    0
 smectite-na    0.0000E+00 kinetic 
  0.1000E-02  0.1516E+03    0
 k-feldspar     0.0000E+00 kinetic 
  0.1000E-02  0.9800E+01    0
 chlorite       0.0000E+00 kinetic 
  0.1000E-02  0.9800E+01    0
 hematite       0.0000E+00 kinetic 
  0.1000E-02  0.1287E+02    0
 smectite-ca    0.0000E+00 kinetic 
  0.1000E-02  0.1516E+03    0
 albite~low     0.0000E+00 kinetic 
  0.1000E-02  0.9800E+01    0
 Sum of mineral volume fractions in zone: 0.1047E+01

     Total number of mineral zones:   1


--------------------------------------------------------------------------------
INITIAL GAS ZONES

 GAS ZONE=   1
gas      partial pressure
 co2(g)         0.0000E+00

     Total number of gas zones:   1


--------------------------------------------------------------------------------
INITIAL PERMEABILITY-POROSITY ZONES

 PERMEABILITY ZONE=   1
perm law        a-par                 b-par
   3           .00E+00               .00E+00

     Total number of permeability zones=   1


--------------------------------------------------------------------------------
INITIAL SURFACE ADSORPTION ZONES

     Total number of adsorption zones=   0


--------------------------------------------------------------------------------
INITIAL LINEAR EQUILIBRIUM Kd ZONES

     Total number of Kd zones=   0


--------------------------------------------------------------------------------
INITIAL ZONES OF CATION EXCHANGE

     Total number of exchange zones=   0



  --> Finished reading chemical.inp file

