

 Mass (mol) balance for the whole system at time 0.42911E+01 days:

                        Total Moles    
 ---------------------------------------------------------------------------------------------
  Component     Input    Output        Initial           Current             Residual
                                   Aqueous Solid+gas Aqueous  Solid+gas   Tot(mol) Max(mol/m3)
 ---------------------------------------------------------------------------------------------
  ca+2       0.000E+00 0.000E+00 0.635E-02 0.389E-01 0.703E-02 0.384E-01 0.000E+00 0.000E+00
  mg+2       0.000E+00 0.000E+00 0.138E-02 0.376E-01 0.166E-02 0.374E-01 0.000E+00 0.000E+00
  na+        0.000E+00 0.000E+00 0.557E-01 0.785E-03 0.580E-01 0.241E-03 0.000E+00 0.000E+00
  k+         0.000E+00 0.000E+00 0.488E-03 0.000E+00 0.503E-03 0.000E+00 0.000E+00 0.000E+00
  fe+2       0.000E+00 0.000E+00 0.305E-11 0.208E-03 0.189E-04 0.187E-03 0.000E+00 0.000E+00
  sio2(aq)   0.000E+00 0.000E+00 0.281E-13 0.270E-02 0.223E-04 0.268E-02 0.000E+00 0.000E+00
  hco3-      0.000E+00 0.000E+00 0.534E-02 0.651E+00 0.394E-01 0.628E+00 0.000E+00 0.000E+00
  so4-2      0.000E+00 0.000E+00 0.281E-03 0.417E-03 0.282E-03 0.417E-03 0.000E+00 0.000E+00
  alo2-      0.000E+00 0.000E+00 0.329E-13 0.501E-03 0.294E-08 0.501E-03 0.000E+00 0.000E+00
  cl-        0.000E+00 0.000E+00 0.711E-01 0.785E-03 0.738E-01 0.241E-03 0.000E+00 0.000E+00
  o2(aq)     0.000E+00 0.000E+00 0.843E-04-0.730E-03 0.207E-04-0.655E-03 0.000E+00 0.000E+00
 
             Total Moles and Mass Balances     
               Input+Initial  Output+Current Difference   RelDiff%   DSol/liq%  Tdry/Tvol(mol/m3)
 ---------------------------------------------------------------------------------------------
 ca+2          0.4523E-01      0.4539E-01   0.1581E-03   0.3496E+00  -0.2324E+02   0.0000E+00
 mg+2          0.3898E-01      0.3902E-01   0.4179E-04   0.1072E+00  -0.1470E+02   0.0000E+00
 na+           0.5650E-01      0.5825E-01   0.1747E-02   0.3091E+01  -0.7625E+02   0.0000E+00
 k+            0.4879E-03      0.5033E-03   0.1534E-04   0.3144E+01  -0.1000E+03   0.0000E+00
 fe+2          0.2084E-03      0.2062E-03  -0.2276E-05  -0.1092E+01   0.1204E+02   0.0000E+00
 sio2(aq)      0.2701E-02      0.2701E-02  -0.1783E-06  -0.6602E-02   0.7998E+00   0.0000E+00
 hco3-         0.6562E+00      0.6678E+00   0.1153E-01   0.1757E+01  -0.3388E+02   0.0000E+00
 so4-2         0.6975E-03      0.6986E-03   0.1131E-05   0.1622E+00  -0.1164E+03   0.0000E+00
 alo2-         0.5014E-03      0.5014E-03  -0.2576E-10  -0.5137E-05   0.8771E+00   0.0000E+00
 cl-           0.7184E-01      0.7407E-01   0.2229E-02   0.3103E+01  -0.8038E+02   0.0000E+00
 o2(aq)       -0.6453E-03     -0.6347E-03   0.1061E-04  -0.1645E+01   0.1671E+02   0.0000E+00
 ---------------------------------------------------------------------------------------------


 Mass (mol) balance for the whole system at time 0.78034E+01 days:

                        Total Moles    
 ---------------------------------------------------------------------------------------------
  Component     Input    Output        Initial           Current             Residual
                                   Aqueous Solid+gas Aqueous  Solid+gas   Tot(mol) Max(mol/m3)
 ---------------------------------------------------------------------------------------------
  ca+2       0.000E+00 0.000E+00 0.635E-02 0.389E-01 0.710E-02 0.383E-01 0.000E+00 0.000E+00
  mg+2       0.000E+00 0.000E+00 0.138E-02 0.376E-01 0.176E-02 0.373E-01 0.000E+00 0.000E+00
  na+        0.000E+00 0.000E+00 0.557E-01 0.785E-03 0.581E-01 0.101E-03 0.000E+00 0.000E+00
  k+         0.000E+00 0.000E+00 0.488E-03 0.000E+00 0.503E-03 0.000E+00 0.000E+00 0.000E+00
  fe+2       0.000E+00 0.000E+00 0.305E-11 0.208E-03 0.190E-04 0.187E-03 0.000E+00 0.000E+00
  sio2(aq)   0.000E+00 0.000E+00 0.281E-13 0.270E-02 0.304E-04 0.267E-02 0.000E+00 0.000E+00
  hco3-      0.000E+00 0.000E+00 0.534E-02 0.651E+00 0.349E-01 0.633E+00 0.000E+00 0.000E+00
  so4-2      0.000E+00 0.000E+00 0.281E-03 0.417E-03 0.285E-03 0.415E-03 0.000E+00 0.000E+00
  alo2-      0.000E+00 0.000E+00 0.329E-13 0.501E-03 0.401E-08 0.501E-03 0.000E+00 0.000E+00
  cl-        0.000E+00 0.000E+00 0.711E-01 0.785E-03 0.740E-01 0.101E-03 0.000E+00 0.000E+00
  o2(aq)     0.000E+00 0.000E+00 0.843E-04-0.730E-03 0.204E-04-0.655E-03 0.000E+00 0.000E+00
 
             Total Moles and Mass Balances     
               Input+Initial  Output+Current Difference   RelDiff%   DSol/liq%  Tdry/Tvol(mol/m3)
 ---------------------------------------------------------------------------------------------
 ca+2          0.4523E-01      0.4539E-01   0.1595E-03   0.3526E+00  -0.2130E+02   0.0000E+00
 mg+2          0.3898E-01      0.3902E-01   0.4181E-04   0.1073E+00  -0.1092E+02   0.0000E+00
 na+           0.5650E-01      0.5825E-01   0.1747E-02   0.3091E+01  -0.7185E+02   0.0000E+00
 k+            0.4879E-03      0.5033E-03   0.1534E-04   0.3144E+01  -0.1000E+03   0.0000E+00
 fe+2          0.2084E-03      0.2062E-03  -0.2276E-05  -0.1092E+01   0.1198E+02   0.0000E+00
 sio2(aq)      0.2701E-02      0.2701E-02  -0.1783E-06  -0.6600E-02   0.5867E+00   0.0000E+00
 hco3-         0.6562E+00      0.6679E+00   0.1162E-01   0.1770E+01  -0.3925E+02   0.0000E+00
 so4-2         0.6975E-03      0.6999E-03   0.2481E-05   0.3558E+00  -0.5340E+02   0.0000E+00
 alo2-         0.5014E-03      0.5014E-03  -0.2581E-10  -0.5148E-05   0.6439E+00   0.0000E+00
 cl-           0.7184E-01      0.7407E-01   0.2229E-02   0.3103E+01  -0.7651E+02   0.0000E+00
 o2(aq)       -0.6453E-03     -0.6347E-03   0.1061E-04  -0.1645E+01   0.1662E+02   0.0000E+00
 ---------------------------------------------------------------------------------------------


 Mass (mol) balance for the whole system at time 0.93777E+01 days:

                        Total Moles    
 ---------------------------------------------------------------------------------------------
  Component     Input    Output        Initial           Current             Residual
                                   Aqueous Solid+gas Aqueous  Solid+gas   Tot(mol) Max(mol/m3)
 ---------------------------------------------------------------------------------------------
  ca+2       0.000E+00 0.000E+00 0.635E-02 0.389E-01 0.710E-02 0.383E-01 0.000E+00 0.000E+00
  mg+2       0.000E+00 0.000E+00 0.138E-02 0.376E-01 0.180E-02 0.372E-01 0.000E+00 0.000E+00
  na+        0.000E+00 0.000E+00 0.557E-01 0.785E-03 0.582E-01 0.469E-04 0.000E+00 0.000E+00
  k+         0.000E+00 0.000E+00 0.488E-03 0.000E+00 0.503E-03 0.000E+00 0.000E+00 0.000E+00
  fe+2       0.000E+00 0.000E+00 0.305E-11 0.208E-03 0.190E-04 0.187E-03 0.000E+00 0.000E+00
  sio2(aq)   0.000E+00 0.000E+00 0.281E-13 0.270E-02 0.344E-04 0.267E-02 0.000E+00 0.000E+00
  hco3-      0.000E+00 0.000E+00 0.534E-02 0.651E+00 0.350E-01 0.633E+00 0.000E+00 0.000E+00
  so4-2      0.000E+00 0.000E+00 0.281E-03 0.417E-03 0.288E-03 0.415E-03 0.000E+00 0.000E+00
  alo2-      0.000E+00 0.000E+00 0.329E-13 0.501E-03 0.426E-08 0.501E-03 0.000E+00 0.000E+00
  cl-        0.000E+00 0.000E+00 0.711E-01 0.785E-03 0.740E-01 0.469E-04 0.000E+00 0.000E+00
  o2(aq)     0.000E+00 0.000E+00 0.843E-04-0.730E-03 0.203E-04-0.655E-03 0.000E+00 0.000E+00
 
             Total Moles and Mass Balances     
               Input+Initial  Output+Current Difference   RelDiff%   DSol/liq%  Tdry/Tvol(mol/m3)
 ---------------------------------------------------------------------------------------------
 ca+2          0.4523E-01      0.4540E-01   0.1621E-03   0.3584E+00  -0.2150E+02   0.0000E+00
 mg+2          0.3898E-01      0.3902E-01   0.4182E-04   0.1073E+00  -0.9855E+01   0.0000E+00
 na+           0.5650E-01      0.5825E-01   0.1746E-02   0.3091E+01  -0.7029E+02   0.0000E+00
 k+            0.4879E-03      0.5033E-03   0.1534E-04   0.3144E+01  -0.1000E+03   0.0000E+00
 fe+2          0.2084E-03      0.2062E-03  -0.2276E-05  -0.1092E+01   0.1196E+02   0.0000E+00
 sio2(aq)      0.2701E-02      0.2701E-02  -0.1783E-06  -0.6600E-02   0.5185E+00   0.0000E+00
 hco3-         0.6562E+00      0.6678E+00   0.1160E-01   0.1768E+01  -0.3912E+02   0.0000E+00
 so4-2         0.6975E-03      0.7025E-03   0.5066E-05   0.7263E+00  -0.6928E+02   0.0000E+00
 alo2-         0.5014E-03      0.5014E-03  -0.2585E-10  -0.5156E-05   0.6069E+00   0.0000E+00
 cl-           0.7184E-01      0.7407E-01   0.2229E-02   0.3102E+01  -0.7512E+02   0.0000E+00
 o2(aq)       -0.6453E-03     -0.6347E-03   0.1061E-04  -0.1645E+01   0.1659E+02   0.0000E+00
 ---------------------------------------------------------------------------------------------


 Mass (mol) balance for the whole system at time 0.10736E+02 days:

                        Total Moles    
 ---------------------------------------------------------------------------------------------
  Component     Input    Output        Initial           Current             Residual
                                   Aqueous Solid+gas Aqueous  Solid+gas   Tot(mol) Max(mol/m3)
 ---------------------------------------------------------------------------------------------
  ca+2       0.000E+00 0.000E+00 0.635E-02 0.389E-01 0.709E-02 0.383E-01 0.000E+00 0.000E+00
  mg+2       0.000E+00 0.000E+00 0.138E-02 0.376E-01 0.183E-02 0.372E-01 0.000E+00 0.000E+00
  na+        0.000E+00 0.000E+00 0.557E-01 0.785E-03 0.582E-01 0.243E-04 0.000E+00 0.000E+00
  k+         0.000E+00 0.000E+00 0.488E-03 0.000E+00 0.503E-03 0.000E+00 0.000E+00 0.000E+00
  fe+2       0.000E+00 0.000E+00 0.305E-11 0.208E-03 0.191E-04 0.187E-03 0.000E+00 0.000E+00
  sio2(aq)   0.000E+00 0.000E+00 0.281E-13 0.270E-02 0.365E-04 0.266E-02 0.000E+00 0.000E+00
  hco3-      0.000E+00 0.000E+00 0.534E-02 0.651E+00 0.350E-01 0.633E+00 0.000E+00 0.000E+00
  so4-2      0.000E+00 0.000E+00 0.281E-03 0.417E-03 0.289E-03 0.415E-03 0.000E+00 0.000E+00
  alo2-      0.000E+00 0.000E+00 0.329E-13 0.501E-03 0.424E-08 0.501E-03 0.000E+00 0.000E+00
  cl-        0.000E+00 0.000E+00 0.711E-01 0.785E-03 0.740E-01 0.243E-04 0.000E+00 0.000E+00
  o2(aq)     0.000E+00 0.000E+00 0.843E-04-0.730E-03 0.202E-04-0.655E-03 0.000E+00 0.000E+00
 
             Total Moles and Mass Balances     
               Input+Initial  Output+Current Difference   RelDiff%   DSol/liq%  Tdry/Tvol(mol/m3)
 ---------------------------------------------------------------------------------------------
 ca+2          0.4523E-01      0.4540E-01   0.1631E-03   0.3606E+00  -0.2199E+02   0.0000E+00
 mg+2          0.3898E-01      0.3902E-01   0.4198E-04   0.1077E+00  -0.9375E+01   0.0000E+00
 na+           0.5650E-01      0.5825E-01   0.1745E-02   0.3088E+01  -0.6963E+02   0.0000E+00
 k+            0.4879E-03      0.5033E-03   0.1533E-04   0.3142E+01  -0.1000E+03   0.0000E+00
 fe+2          0.2084E-03      0.2062E-03  -0.2277E-05  -0.1093E+01   0.1195E+02   0.0000E+00
 sio2(aq)      0.2701E-02      0.2701E-02  -0.1782E-06  -0.6600E-02   0.4885E+00   0.0000E+00
 hco3-         0.6562E+00      0.6678E+00   0.1160E-01   0.1768E+01  -0.3909E+02   0.0000E+00
 so4-2         0.6975E-03      0.7033E-03   0.5806E-05   0.8325E+00  -0.7150E+02   0.0000E+00
 alo2-         0.5014E-03      0.5014E-03  -0.2649E-10  -0.5283E-05   0.6251E+00   0.0000E+00
 cl-           0.7184E-01      0.7407E-01   0.2227E-02   0.3100E+01  -0.7454E+02   0.0000E+00
 o2(aq)       -0.6453E-03     -0.6347E-03   0.1061E-04  -0.1645E+01   0.1656E+02   0.0000E+00
 ---------------------------------------------------------------------------------------------


 Mass (mol) balance for the whole system at time 0.12151E+02 days:

                        Total Moles    
 ---------------------------------------------------------------------------------------------
  Component     Input    Output        Initial           Current             Residual
                                   Aqueous Solid+gas Aqueous  Solid+gas   Tot(mol) Max(mol/m3)
 ---------------------------------------------------------------------------------------------
  ca+2       0.000E+00 0.000E+00 0.635E-02 0.389E-01 0.707E-02 0.383E-01 0.000E+00 0.000E+00
  mg+2       0.000E+00 0.000E+00 0.138E-02 0.376E-01 0.185E-02 0.372E-01 0.000E+00 0.000E+00
  na+        0.000E+00 0.000E+00 0.557E-01 0.785E-03 0.582E-01 0.123E-04 0.000E+00 0.000E+00
  k+         0.000E+00 0.000E+00 0.488E-03 0.000E+00 0.503E-03 0.000E+00 0.000E+00 0.000E+00
  fe+2       0.000E+00 0.000E+00 0.305E-11 0.208E-03 0.191E-04 0.187E-03 0.000E+00 0.000E+00
  sio2(aq)   0.000E+00 0.000E+00 0.281E-13 0.270E-02 0.379E-04 0.266E-02 0.000E+00 0.000E+00
  hco3-      0.000E+00 0.000E+00 0.534E-02 0.651E+00 0.350E-01 0.633E+00 0.000E+00 0.000E+00
  so4-2      0.000E+00 0.000E+00 0.281E-03 0.417E-03 0.289E-03 0.415E-03 0.000E+00 0.000E+00
  alo2-      0.000E+00 0.000E+00 0.329E-13 0.501E-03 0.416E-08 0.501E-03 0.000E+00 0.000E+00
  cl-        0.000E+00 0.000E+00 0.711E-01 0.785E-03 0.741E-01 0.123E-04 0.000E+00 0.000E+00
  o2(aq)     0.000E+00 0.000E+00 0.843E-04-0.730E-03 0.200E-04-0.655E-03 0.000E+00 0.000E+00
 
             Total Moles and Mass Balances     
               Input+Initial  Output+Current Difference   RelDiff%   DSol/liq%  Tdry/Tvol(mol/m3)
 ---------------------------------------------------------------------------------------------
 ca+2          0.4523E-01      0.4540E-01   0.1631E-03   0.3605E+00  -0.2257E+02   0.0000E+00
 mg+2          0.3898E-01      0.3902E-01   0.4197E-04   0.1077E+00  -0.8961E+01   0.0000E+00
 na+           0.5650E-01      0.5825E-01   0.1744E-02   0.3087E+01  -0.6930E+02   0.0000E+00
 k+            0.4879E-03      0.5033E-03   0.1533E-04   0.3142E+01  -0.1000E+03   0.0000E+00
 fe+2          0.2084E-03      0.2062E-03  -0.2277E-05  -0.1093E+01   0.1193E+02   0.0000E+00
 sio2(aq)      0.2701E-02      0.2701E-02  -0.1782E-06  -0.6600E-02   0.4706E+00   0.0000E+00
 hco3-         0.6562E+00      0.6678E+00   0.1160E-01   0.1768E+01  -0.3908E+02   0.0000E+00
 so4-2         0.6975E-03      0.7033E-03   0.5805E-05   0.8323E+00  -0.7087E+02   0.0000E+00
 alo2-         0.5014E-03      0.5014E-03  -0.2655E-10  -0.5294E-05   0.6377E+00   0.0000E+00
 cl-           0.7184E-01      0.7407E-01   0.2227E-02   0.3100E+01  -0.7424E+02   0.0000E+00
 o2(aq)       -0.6453E-03     -0.6347E-03   0.1061E-04  -0.1645E+01   0.1653E+02   0.0000E+00
 ---------------------------------------------------------------------------------------------


 Mass (mol) balance for the whole system at time 0.13424E+02 days:

                        Total Moles    
 ---------------------------------------------------------------------------------------------
  Component     Input    Output        Initial           Current             Residual
                                   Aqueous Solid+gas Aqueous  Solid+gas   Tot(mol) Max(mol/m3)
 ---------------------------------------------------------------------------------------------
  ca+2       0.000E+00 0.000E+00 0.635E-02 0.389E-01 0.706E-02 0.383E-01 0.000E+00 0.000E+00
  mg+2       0.000E+00 0.000E+00 0.138E-02 0.376E-01 0.186E-02 0.372E-01 0.000E+00 0.000E+00
  na+        0.000E+00 0.000E+00 0.557E-01 0.785E-03 0.582E-01 0.662E-05 0.000E+00 0.000E+00
  k+         0.000E+00 0.000E+00 0.488E-03 0.000E+00 0.503E-03 0.000E+00 0.000E+00 0.000E+00
  fe+2       0.000E+00 0.000E+00 0.305E-11 0.208E-03 0.191E-04 0.187E-03 0.000E+00 0.000E+00
  sio2(aq)   0.000E+00 0.000E+00 0.281E-13 0.270E-02 0.387E-04 0.266E-02 0.000E+00 0.000E+00
  hco3-      0.000E+00 0.000E+00 0.534E-02 0.651E+00 0.350E-01 0.633E+00 0.000E+00 0.000E+00
  so4-2      0.000E+00 0.000E+00 0.281E-03 0.417E-03 0.292E-03 0.414E-03 0.000E+00 0.000E+00
  alo2-      0.000E+00 0.000E+00 0.329E-13 0.501E-03 0.408E-08 0.501E-03 0.000E+00 0.000E+00
  cl-        0.000E+00 0.000E+00 0.711E-01 0.785E-03 0.741E-01 0.662E-05 0.000E+00 0.000E+00
  o2(aq)     0.000E+00 0.000E+00 0.843E-04-0.730E-03 0.199E-04-0.655E-03 0.000E+00 0.000E+00
 
             Total Moles and Mass Balances     
               Input+Initial  Output+Current Difference   RelDiff%   DSol/liq%  Tdry/Tvol(mol/m3)
 ---------------------------------------------------------------------------------------------
 ca+2          0.4523E-01      0.4540E-01   0.1665E-03   0.3680E+00  -0.2354E+02   0.0000E+00
 mg+2          0.3898E-01      0.3902E-01   0.4198E-04   0.1077E+00  -0.8632E+01   0.0000E+00
 na+           0.5650E-01      0.5825E-01   0.1744E-02   0.3087E+01  -0.6914E+02   0.0000E+00
 k+            0.4879E-03      0.5033E-03   0.1533E-04   0.3142E+01  -0.1000E+03   0.0000E+00
 fe+2          0.2084E-03      0.2062E-03  -0.2278E-05  -0.1093E+01   0.1192E+02   0.0000E+00
 sio2(aq)      0.2701E-02      0.2701E-02  -0.1782E-06  -0.6600E-02   0.4608E+00   0.0000E+00
 hco3-         0.6562E+00      0.6678E+00   0.1160E-01   0.1768E+01  -0.3909E+02   0.0000E+00
 so4-2         0.6975E-03      0.7066E-03   0.9174E-05   0.1315E+01  -0.7894E+02   0.0000E+00
 alo2-         0.5014E-03      0.5014E-03  -0.2657E-10  -0.5298E-05   0.6503E+00   0.0000E+00
 cl-           0.7184E-01      0.7407E-01   0.2227E-02   0.3100E+01  -0.7410E+02   0.0000E+00
 o2(aq)       -0.6453E-03     -0.6347E-03   0.1061E-04  -0.1645E+01   0.1650E+02   0.0000E+00
 ---------------------------------------------------------------------------------------------


 Mass (mol) balance for the whole system at time 0.14663E+02 days:

                        Total Moles    
 ---------------------------------------------------------------------------------------------
  Component     Input    Output        Initial           Current             Residual
                                   Aqueous Solid+gas Aqueous  Solid+gas   Tot(mol) Max(mol/m3)
 ---------------------------------------------------------------------------------------------
  ca+2       0.000E+00 0.000E+00 0.635E-02 0.389E-01 0.704E-02 0.384E-01 0.000E+00 0.000E+00
  mg+2       0.000E+00 0.000E+00 0.138E-02 0.376E-01 0.188E-02 0.371E-01 0.000E+00 0.000E+00
  na+        0.000E+00 0.000E+00 0.557E-01 0.785E-03 0.582E-01 0.363E-05 0.000E+00 0.000E+00
  k+         0.000E+00 0.000E+00 0.488E-03 0.000E+00 0.503E-03 0.000E+00 0.000E+00 0.000E+00
  fe+2       0.000E+00 0.000E+00 0.305E-11 0.208E-03 0.191E-04 0.187E-03 0.000E+00 0.000E+00
  sio2(aq)   0.000E+00 0.000E+00 0.281E-13 0.270E-02 0.392E-04 0.266E-02 0.000E+00 0.000E+00
  hco3-      0.000E+00 0.000E+00 0.534E-02 0.651E+00 0.350E-01 0.633E+00 0.000E+00 0.000E+00
  so4-2      0.000E+00 0.000E+00 0.281E-03 0.417E-03 0.293E-03 0.414E-03 0.000E+00 0.000E+00
  alo2-      0.000E+00 0.000E+00 0.329E-13 0.501E-03 0.401E-08 0.501E-03 0.000E+00 0.000E+00
  cl-        0.000E+00 0.000E+00 0.711E-01 0.785E-03 0.741E-01 0.363E-05 0.000E+00 0.000E+00
  o2(aq)     0.000E+00 0.000E+00 0.843E-04-0.730E-03 0.198E-04-0.655E-03 0.000E+00 0.000E+00
 
             Total Moles and Mass Balances     
               Input+Initial  Output+Current Difference   RelDiff%   DSol/liq%  Tdry/Tvol(mol/m3)
 ---------------------------------------------------------------------------------------------
 ca+2          0.4523E-01      0.4540E-01   0.1677E-03   0.3707E+00  -0.2433E+02   0.0000E+00
 mg+2          0.3898E-01      0.3902E-01   0.4198E-04   0.1077E+00  -0.8333E+01   0.0000E+00
 na+           0.5650E-01      0.5825E-01   0.1744E-02   0.3087E+01  -0.6906E+02   0.0000E+00
 k+            0.4879E-03      0.5033E-03   0.1533E-04   0.3142E+01  -0.1000E+03   0.0000E+00
 fe+2          0.2084E-03      0.2062E-03  -0.2278E-05  -0.1093E+01   0.1190E+02   0.0000E+00
 sio2(aq)      0.2701E-02      0.2701E-02  -0.1782E-06  -0.6600E-02   0.4546E+00   0.0000E+00
 hco3-         0.6562E+00      0.6678E+00   0.1160E-01   0.1768E+01  -0.3910E+02   0.0000E+00
 so4-2         0.6975E-03      0.7079E-03   0.1040E-04   0.1491E+01  -0.8058E+02   0.0000E+00
 alo2-         0.5014E-03      0.5014E-03  -0.2659E-10  -0.5302E-05   0.6624E+00   0.0000E+00
 cl-           0.7184E-01      0.7407E-01   0.2227E-02   0.3100E+01  -0.7402E+02   0.0000E+00
 o2(aq)       -0.6453E-03     -0.6347E-03   0.1061E-04  -0.1645E+01   0.1647E+02   0.0000E+00
 ---------------------------------------------------------------------------------------------
